<?xml version="1.0" encoding="UTF-8"?>
<!-- Generated by org.testng.reporters.JUnitReportReporter -->
<testsuite hostname="DESKTOP-3EP6P31" failures="0" tests="2" name="TestNGRunner.TestNGRunner" time="12.253" errors="0" timestamp="2024-02-23T13:01:18 IST" skipped="0">
  <testcase classname="TestNGRunner.TestNGRunner" name="runScenario" time="6.112"/>
  <testcase classname="TestNGRunner.TestNGRunner" name="runScenario" time="6.141"/>
</testsuite> <!-- TestNGRunner.TestNGRunner -->
